2025-12-07 05:07:41,980 - INFO - Instagram Automation Tool using Stagehand
2025-12-07 05:07:41,980 - INFO - ==================================================
2025-12-07 05:10:19,524 - INFO - Instagram Automation Tool using Stagehand
2025-12-07 05:10:19,525 - INFO - ==================================================
2025-12-07 05:10:19,529 - INFO - Initializing Stagehand...
2025-12-07 05:10:23,123 - INFO - Logging into Instagram as bevanmakaveli...
2025-12-07 05:10:33,000 - INFO - Login successful!
2025-12-07 05:10:33,000 - INFO - Following innercirclehacker...
2025-12-07 05:10:33,028 - ERROR - Error following innercirclehacker: Page.goto: net::ERR_ABORTED at https://www.instagram.com/innercirclehacker/
Call log:
  - navigating to "https://www.instagram.com/innercirclehacker/", waiting until "load"

2025-12-07 05:10:33,038 - ERROR - Failed to follow the target account
2025-12-07 05:10:33,039 - INFO - Closing browser...
2025-12-07 05:11:50,875 - INFO - Instagram Automation Tool using Stagehand
2025-12-07 05:11:50,876 - INFO - ==================================================
2025-12-07 05:11:50,881 - INFO - Initializing Stagehand...
2025-12-07 05:11:55,656 - INFO - Logging into Instagram as bevanmakaveli...
2025-12-07 05:12:06,936 - INFO - Login successful!
2025-12-07 05:12:06,956 - INFO - Following innercirclehacker...
2025-12-07 05:12:11,557 - ERROR - Error following innercirclehacker: Could not find Follow button for innercirclehacker
2025-12-07 05:12:11,563 - ERROR - Failed to follow the target account
2025-12-07 05:12:11,564 - INFO - Closing browser...
